<?xml version="1.0" encoding="UTF-8"?>
<testng-results ignored="0" total="1" passed="1" failed="0" skipped="0">
  <reporter-output>
  </reporter-output>
  <suite started-at="2022-04-08T15:08:52 IST" name="com.App.Learn_Test" finished-at="2022-04-08T15:10:53 IST" duration-ms="120709">
    <groups>
    </groups>
    <test started-at="2022-04-08T15:08:52 IST" name="Command line test" finished-at="2022-04-08T15:10:53 IST" duration-ms="120709">
      <class name="com.App.Learn_Test">
        <test-method is-config="true" signature="launchBrowser()[pri:0, instance:com.App.Learn_Test@59717824]" started-at="2022-04-08T15:08:52 IST" name="launchBrowser" finished-at="2022-04-08T15:08:57 IST" duration-ms="4377" status="PASS">
          <reporter-output>
          </reporter-output>
        </test-method> <!-- launchBrowser -->
        <test-method is-config="true" signature="enterUrl()[pri:0, instance:com.App.Learn_Test@59717824]" started-at="2022-04-08T15:08:57 IST" name="enterUrl" finished-at="2022-04-08T15:09:27 IST" duration-ms="30355" status="PASS">
          <reporter-output>
          </reporter-output>
        </test-method> <!-- enterUrl -->
        <test-method signature="loginTest001()[pri:0, instance:com.App.Learn_Test@59717824]" started-at="2022-04-08T15:09:27 IST" name="loginTest001" finished-at="2022-04-08T15:10:48 IST" duration-ms="80992" status="PASS">
          <reporter-output>
          </reporter-output>
        </test-method> <!-- loginTest001 -->
        <test-method is-config="true" signature="refreshpage()[pri:0, instance:com.App.Learn_Test@59717824]" started-at="2022-04-08T15:10:48 IST" name="refreshpage" finished-at="2022-04-08T15:10:52 IST" duration-ms="3770" status="PASS">
          <reporter-output>
          </reporter-output>
        </test-method> <!-- refreshpage -->
        <test-method is-config="true" signature="closeBrowser()[pri:0, instance:com.App.Learn_Test@59717824]" started-at="2022-04-08T15:10:52 IST" name="closeBrowser" finished-at="2022-04-08T15:10:53 IST" duration-ms="1162" status="PASS">
          <reporter-output>
          </reporter-output>
        </test-method> <!-- closeBrowser -->
      </class> <!-- com.App.Learn_Test -->
    </test> <!-- Command line test -->
  </suite> <!-- com.App.Learn_Test -->
</testng-results>
